





















{
    "timestamp": "27/Aug/2021:11:41:30 +0000",
    "ip": "172.28.0.1",
    "method": "GET",
    "path": "/",
    "http_version": "HTTP/1.1",
    "return_code": 200,
    "body_byte": 612,
    "http_referer": "-",
    "http_user_agent": "Mozilla/5.0 (X11; Ubuntu; Linux x86_64; rv:91.0) Gecko/20100101 Firefox/91.0"
}
{
    "timestamp": "27/Aug/2021:11:41:30 +0000",
    "ip": "172.28.0.1",
    "method": "GET",
    "path": "/",
    "http_version": "HTTP/1.1",
    "return_code": 200,
    "body_byte": 612,
    "http_referer": "-",
    "http_user_agent": "Mozilla/5.0 (X11; Ubuntu; Linux x86_64; rv:91.0) Gecko/20100101 Firefox/91.0"
}
{
    "timestamp": "27/Aug/2021:11:41:30 +0000",
    "ip": "172.28.0.1",
    "method": "GET",
    "path": "/favicon.ico",
    "http_version": "HTTP/1.1",
    "return_code": 404,
    "body_byte": 153,
    "http_referer": "http://localhost:8080/",
    "http_user_agent": "Mozilla/5.0 (X11; Ubuntu; Linux x86_64; rv:91.0) Gecko/20100101 Firefox/91.0"
}
{
    "timestamp": "27/Aug/2021:11:41:30 +0000",
    "ip": "172.28.0.1",
    "method": "GET",
    "path": "/favicon.ico",
    "http_version": "HTTP/1.1",
    "return_code": 404,
    "body_byte": 153,
    "http_referer": "http://localhost:8080/",
    "http_user_agent": "Mozilla/5.0 (X11; Ubuntu; Linux x86_64; rv:91.0) Gecko/20100101 Firefox/91.0"
}
{
    "timestamp": "27/Aug/2021:11:41:35 +0000",
    "ip": "172.28.0.1",
    "method": "GET",
    "path": "/hello",
    "http_version": "HTTP/1.1",
    "return_code": 200,
    "body_byte": 59,
    "http_referer": "-",
    "http_user_agent": "Mozilla/5.0 (X11; Ubuntu; Linux x86_64; rv:91.0) Gecko/20100101 Firefox/91.0"
}
{
    "timestamp": "11/May/2021:06:33:47 +0000",
    "ip": "10.88.111.111",
    "method": "GET",
    "path": "/",
    "http_version": "HTTP/2.0",
    "return_code": 400,
    "body_byte": 471,
    "http_referer": "-",
    "http_user_agent": "Mozilla/5.0 (Macintosh; Intel Mac OS X 10_14_6) AppleWebKit/537.36 (KHTML, like Gecko) Chrome/90.0.4430.93 Safari/537.36 Edg/90.0.818.56"
}
{
    "timestamp": "11/May/2021:06:33:47 +0000",
    "ip": "10.88.111.111",
    "method": "GET",
    "path": "/favicon.ico",
    "http_version": "HTTP/2.0",
    "return_code": 400,
    "body_byte": 482,
    "http_referer": "https://registry.demo.opsta.in.th/",
    "http_user_agent": "Mozilla/5.0 (Macintosh; Intel Mac OS X 10_14_6) AppleWebKit/537.36 (KHTML, like Gecko) Chrome/90.0.4430.93 Safari/537.36 Edg/90.0.818.56"
}
{
    "timestamp": "11/May/2021:06:33:49 +0000",
    "ip": "10.88.111.111",
    "method": "GET",
    "path": "/",
    "http_version": "HTTP/2.0",
    "return_code": 400,
    "body_byte": 471,
    "http_referer": "-",
    "http_user_agent": "Mozilla/5.0 (Macintosh; Intel Mac OS X 10_14_6) AppleWebKit/537.36 (KHTML, like Gecko) Chrome/90.0.4430.93 Safari/537.36 Edg/90.0.818.56"
}
{
    "timestamp": "11/May/2021:06:33:49 +0000",
    "ip": "10.88.111.111",
    "method": "GET",
    "path": "/favicon.ico",
    "http_version": "HTTP/2.0",
    "return_code": 400,
    "body_byte": 482,
    "http_referer": "https://registry.demo.opsta.in.th/",
    "http_user_agent": "Mozilla/5.0 (Macintosh; Intel Mac OS X 10_14_6) AppleWebKit/537.36 (KHTML, like Gecko) Chrome/90.0.4430.93 Safari/537.36 Edg/90.0.818.56"
}
{
    "timestamp": "11/May/2021:06:33:49 +0000",
    "ip": "10.88.111.111",
    "method": "GET",
    "path": "/",
    "http_version": "HTTP/2.0",
    "return_code": 400,
    "body_byte": 471,
    "http_referer": "-",
    "http_user_agent": "Mozilla/5.0 (Macintosh; Intel Mac OS X 10_14_6) AppleWebKit/537.36 (KHTML, like Gecko) Chrome/90.0.4430.93 Safari/537.36 Edg/90.0.818.56"
}
{
    "timestamp": "11/May/2021:06:33:49 +0000",
    "ip": "10.88.111.111",
    "method": "GET",
    "path": "/favicon.ico",
    "http_version": "HTTP/2.0",
    "return_code": 400,
    "body_byte": 482,
    "http_referer": "https://registry.demo.opsta.in.th/",
    "http_user_agent": "Mozilla/5.0 (Macintosh; Intel Mac OS X 10_14_6) AppleWebKit/537.36 (KHTML, like Gecko) Chrome/90.0.4430.93 Safari/537.36 Edg/90.0.818.56"
}
{
    "timestamp": "11/May/2021:06:33:49 +0000",
    "ip": "10.88.111.111",
    "method": "GET",
    "path": "/",
    "http_version": "HTTP/2.0",
    "return_code": 400,
    "body_byte": 471,
    "http_referer": "-",
    "http_user_agent": "Mozilla/5.0 (Macintosh; Intel Mac OS X 10_14_6) AppleWebKit/537.36 (KHTML, like Gecko) Chrome/90.0.4430.93 Safari/537.36 Edg/90.0.818.56"
}
{
    "timestamp": "11/May/2021:06:33:49 +0000",
    "ip": "10.88.111.111",
    "method": "GET",
    "path": "/favicon.ico",
    "http_version": "HTTP/2.0",
    "return_code": 400,
    "body_byte": 482,
    "http_referer": "https://registry.demo.opsta.in.th/",
    "http_user_agent": "Mozilla/5.0 (Macintosh; Intel Mac OS X 10_14_6) AppleWebKit/537.36 (KHTML, like Gecko) Chrome/90.0.4430.93 Safari/537.36 Edg/90.0.818.56"
}
{
    "timestamp": "11/May/2021:06:33:49 +0000",
    "ip": "10.88.111.111",
    "method": "GET",
    "path": "/",
    "http_version": "HTTP/2.0",
    "return_code": 400,
    "body_byte": 471,
    "http_referer": "-",
    "http_user_agent": "Mozilla/5.0 (Macintosh; Intel Mac OS X 10_14_6) AppleWebKit/537.36 (KHTML, like Gecko) Chrome/90.0.4430.93 Safari/537.36 Edg/90.0.818.56"
}
{
    "timestamp": "11/May/2021:06:33:49 +0000",
    "ip": "10.88.111.111",
    "method": "GET",
    "path": "/favicon.ico",
    "http_version": "HTTP/2.0",
    "return_code": 400,
    "body_byte": 482,
    "http_referer": "https://registry.demo.opsta.in.th/",
    "http_user_agent": "Mozilla/5.0 (Macintosh; Intel Mac OS X 10_14_6) AppleWebKit/537.36 (KHTML, like Gecko) Chrome/90.0.4430.93 Safari/537.36 Edg/90.0.818.56"
}
{
    "timestamp": "11/May/2021:06:33:50 +0000",
    "ip": "10.88.111.111",
    "method": "GET",
    "path": "/",
    "http_version": "HTTP/2.0",
    "return_code": 400,
    "body_byte": 471,
    "http_referer": "-",
    "http_user_agent": "Mozilla/5.0 (Macintosh; Intel Mac OS X 10_14_6) AppleWebKit/537.36 (KHTML, like Gecko) Chrome/90.0.4430.93 Safari/537.36 Edg/90.0.818.56"
}
{
    "timestamp": "11/May/2021:06:33:50 +0000",
    "ip": "10.88.111.111",
    "method": "GET",
    "path": "/favicon.ico",
    "http_version": "HTTP/2.0",
    "return_code": 400,
    "body_byte": 482,
    "http_referer": "https://registry.demo.opsta.in.th/",
    "http_user_agent": "Mozilla/5.0 (Macintosh; Intel Mac OS X 10_14_6) AppleWebKit/537.36 (KHTML, like Gecko) Chrome/90.0.4430.93 Safari/537.36 Edg/90.0.818.56"
}
{
    "timestamp": "11/May/2021:06:36:00 +0000",
    "ip": "10.88.111.111",
    "method": "GET",
    "path": "/",
    "http_version": "HTTP/2.0",
    "return_code": 400,
    "body_byte": 471,
    "http_referer": "-",
    "http_user_agent": "Mozilla/5.0 (Macintosh; Intel Mac OS X 10_14_6) AppleWebKit/537.36 (KHTML, like Gecko) Chrome/90.0.4430.93 Safari/537.36 Edg/90.0.818.56"
}
{
    "timestamp": "11/May/2021:06:36:00 +0000",
    "ip": "10.88.111.111",
    "method": "GET",
    "path": "/favicon.ico",
    "http_version": "HTTP/2.0",
    "return_code": 400,
    "body_byte": 482,
    "http_referer": "https://registry.demo.opsta.in.th/",
    "http_user_agent": "Mozilla/5.0 (Macintosh; Intel Mac OS X 10_14_6) AppleWebKit/537.36 (KHTML, like Gecko) Chrome/90.0.4430.93 Safari/537.36 Edg/90.0.818.56"
}
{
    "timestamp": "11/May/2021:07:09:13 +0000",
    "ip": "10.88.111.111",
    "method": "GET",
    "path": "/",
    "http_version": "HTTP/2.0",
    "return_code": 400,
    "body_byte": 471,
    "http_referer": "-",
    "http_user_agent": "Mozilla/5.0 (Macintosh; Intel Mac OS X 10_14_6) AppleWebKit/537.36 (KHTML, like Gecko) Chrome/90.0.4430.93 Safari/537.36 Edg/90.0.818.56"
}
{
    "timestamp": "11/May/2021:07:09:14 +0000",
    "ip": "10.88.111.111",
    "method": "GET",
    "path": "/favicon.ico",
    "http_version": "HTTP/2.0",
    "return_code": 400,
    "body_byte": 482,
    "http_referer": "https://registry.demo.opsta.in.th/",
    "http_user_agent": "Mozilla/5.0 (Macintosh; Intel Mac OS X 10_14_6) AppleWebKit/537.36 (KHTML, like Gecko) Chrome/90.0.4430.93 Safari/537.36 Edg/90.0.818.56"
}
{
    "timestamp": "11/May/2021:08:54:13 +0000",
    "ip": "10.88.111.111",
    "method": "GET",
    "path": "/",
    "http_version": "HTTP/2.0",
    "return_code": 400,
    "body_byte": 471,
    "http_referer": "-",
    "http_user_agent": "Mozilla/5.0 (Macintosh; Intel Mac OS X 10_14_6) AppleWebKit/537.36 (KHTML, like Gecko) Chrome/90.0.4430.93 Safari/537.36 Edg/90.0.818.56"
}
